<?xml version="1.0" encoding="UTF-8"?>
<!-- Generated by org.testng.reporters.JUnitReportReporter -->
<testsuite skipped="0" hostname="A04758" name="fr.afo.supermarket.monTest" tests="1" failures="0" timestamp="2019-10-28T15:02:32 CET" time="0.040" errors="0">
  <testcase name="test" time="0.040" classname="fr.afo.supermarket.monTest"/>
</testsuite> <!-- fr.afo.supermarket.monTest -->
