<?xml version="1.0" encoding="UTF-8"?>
<!-- Generated by org.testng.reporters.JUnitReportReporter -->
<testsuite skipped="1" hostname="A04758" name="fr.afo.supermarket.OfferPocessorTest" tests="3" failures="0" timestamp="2019-10-28T15:02:32 CET" time="0.005" errors="0">
  <testcase name="shouldThrowExecption" time="0.000" classname="fr.afo.supermarket.OfferPocessorTest">
    <skipped/>
  </testcase> <!-- shouldThrowExecption -->
  <testcase name="shouldReturnThreeForTwoProcessor" time="0.002" classname="fr.afo.supermarket.OfferPocessorTest"/>
  <testcase name="shouldReturnByOneGetOneProcessor" time="0.003" classname="fr.afo.supermarket.OfferPocessorTest"/>
</testsuite> <!-- fr.afo.supermarket.OfferPocessorTest -->
