<?xml version="1.0" encoding="UTF-8"?>
<!-- Generated by org.testng.reporters.JUnitReportReporter -->
<testsuite skipped="0" hostname="A04758" name="fr.afo.supermarket.BasketProcessorTest" tests="1" failures="0" timestamp="2019-10-28T15:02:32 CET" time="0.442" errors="0">
  <testcase name="shouldComputeAndOutputBasketPrice" time="0.442" classname="fr.afo.supermarket.BasketProcessorTest"/>
</testsuite> <!-- fr.afo.supermarket.BasketProcessorTest -->
